[2017-10-31 03:03:35] local.ERROR: could not find driver {"exception":"[object] (PDOException(code: 0): could not find driver at H:\\Rodrigo\\[Projetos]\\[PHP]\\cursoads\\www\\AnewProject\\vendor\\laravel\\framework\\src\\Illuminate\\Database\\Connectors\\Connector.php:67)
[stacktrace]
#0 H:\\Rodrigo\\[Projetos]\\[PHP]\\cursoads\\www\\AnewProject\\vendor\\laravel\\framework\\src\\Illuminate\\Database\\Connectors\\Connector.php(67): PDO->__construct('pgsql:host=127....', 'postgres', 'darkhorse', Array)
#1 H:\\Rodrigo\\[Projetos]\\[PHP]\\cursoads\\www\\AnewProject\\vendor\\laravel\\framework\\src\\Illuminate\\Database\\Connectors\\Connector.php(43): Illuminate\\Database\\Connectors\\Connector->createPdoConnection('pgsql:host=127....', 'postgres', 'darkhorse', Array)
#2 H:\\Rodrigo\\[Projetos]\\[PHP]\\cursoads\\www\\AnewProject\\vendor\\laravel\\framework\\src\\Illuminate\\Database\\Connectors\\PostgresConnector.php(33): Illuminate\\Database\\Connectors\\Connector->createConnection('pgsql:host=127....', Array, Array)
#3 H:\\Rodrigo\\[Projetos]\\[PHP]\\cursoads\\www\\AnewProject\\vendor\\laravel\\framework\\src\\Illuminate\\Database\\Connectors\\ConnectionFactory.php(183): Illuminate\\Database\\Connectors\\PostgresConnector->connect(Array)
#4 [internal function]: Illuminate\\Database\\Connectors\\ConnectionFactory->Illuminate\\Database\\Connectors\\{closure}()
#5 H:\\Rodrigo\\[Projetos]\\[PHP]\\cursoads\\www\\AnewProject\\vendor\\laravel\\framework\\src\\Illuminate\\Database\\Connection.php(915): call_user_func(Object(Closure))
#6 H:\\Rodrigo\\[Projetos]\\[PHP]\\cursoads\\www\\AnewProject\\vendor\\laravel\\framework\\src\\Illuminate\\Database\\Connection.php(940): Illuminate\\Database\\Connection->getPdo()
#7 H:\\Rodrigo\\[Projetos]\\[PHP]\\cursoads\\www\\AnewProject\\vendor\\laravel\\framework\\src\\Illuminate\\Database\\Connection.php(399): Illuminate\\Database\\Connection->getReadPdo()
#8 H:\\Rodrigo\\[Projetos]\\[PHP]\\cursoads\\www\\AnewProject\\vendor\\laravel\\framework\\src\\Illuminate\\Database\\Connection.php(325): Illuminate\\Database\\Connection->getPdoForSelect(true)
#9 H:\\Rodrigo\\[Projetos]\\[PHP]\\cursoads\\www\\AnewProject\\vendor\\laravel\\framework\\src\\Illuminate\\Database\\Connection.php(657): Illuminate\\Database\\Connection->Illuminate\\Database\\{closure}('select * from i...', Array)
#10 H:\\Rodrigo\\[Projetos]\\[PHP]\\cursoads\\www\\AnewProject\\vendor\\laravel\\framework\\src\\Illuminate\\Database\\Connection.php(624): Illuminate\\Database\\Connection->runQueryCallback('select * from i...', Array, Object(Closure))
#11 H:\\Rodrigo\\[Projetos]\\[PHP]\\cursoads\\www\\AnewProject\\vendor\\laravel\\framework\\src\\Illuminate\\Database\\Connection.php(333): Illuminate\\Database\\Connection->run('select * from i...', Array, Object(Closure))
#12 H:\\Rodrigo\\[Projetos]\\[PHP]\\cursoads\\www\\AnewProject\\vendor\\laravel\\framework\\src\\Illuminate\\Database\\Schema\\PostgresBuilder.php(24): Illuminate\\Database\\Connection->select('select * from i...', Array)
#13 H:\\Rodrigo\\[Projetos]\\[PHP]\\cursoads\\www\\AnewProject\\vendor\\laravel\\framework\\src\\Illuminate\\Database\\Migrations\\DatabaseMigrationRepository.php(156): Illuminate\\Database\\Schema\\PostgresBuilder->hasTable('migrations')
#14 H:\\Rodrigo\\[Projetos]\\[PHP]\\cursoads\\www\\AnewProject\\vendor\\laravel\\framework\\src\\Illuminate\\Database\\Migrations\\Migrator.php(544): Illuminate\\Database\\Migrations\\DatabaseMigrationRepository->repositoryExists()
#15 H:\\Rodrigo\\[Projetos]\\[PHP]\\cursoads\\www\\AnewProject\\vendor\\laravel\\framework\\src\\Illuminate\\Database\\Console\\Migrations\\MigrateCommand.php(96): Illuminate\\Database\\Migrations\\Migrator->repositoryExists()
#16 H:\\Rodrigo\\[Projetos]\\[PHP]\\cursoads\\www\\AnewProject\\vendor\\laravel\\framework\\src\\Illuminate\\Database\\Console\\Migrations\\MigrateCommand.php(62): Illuminate\\Database\\Console\\Migrations\\MigrateCommand->prepareDatabase()
#17 [internal function]: Illuminate\\Database\\Console\\Migrations\\MigrateCommand->handle()
#18 H:\\Rodrigo\\[Projetos]\\[PHP]\\cursoads\\www\\AnewProject\\vendor\\laravel\\framework\\src\\Illuminate\\Container\\BoundMethod.php(29): call_user_func_array(Array, Array)
#19 H:\\Rodrigo\\[Projetos]\\[PHP]\\cursoads\\www\\AnewProject\\vendor\\laravel\\framework\\src\\Illuminate\\Container\\BoundMethod.php(87): Illuminate\\Container\\BoundMethod::Illuminate\\Container\\{closure}()
#20 H:\\Rodrigo\\[Projetos]\\[PHP]\\cursoads\\www\\AnewProject\\vendor\\laravel\\framework\\src\\Illuminate\\Container\\BoundMethod.php(31): Illuminate\\Container\\BoundMethod::callBoundMethod(Object(Illuminate\\Foundation\\Application), Array, Object(Closure))
#21 H:\\Rodrigo\\[Projetos]\\[PHP]\\cursoads\\www\\AnewProject\\vendor\\laravel\\framework\\src\\Illuminate\\Container\\Container.php(549): Illuminate\\Container\\BoundMethod::call(Object(Illuminate\\Foundation\\Application), Array, Array, NULL)
#22 H:\\Rodrigo\\[Projetos]\\[PHP]\\cursoads\\www\\AnewProject\\vendor\\laravel\\framework\\src\\Illuminate\\Console\\Command.php(180): Illuminate\\Container\\Container->call(Array)
#23 H:\\Rodrigo\\[Projetos]\\[PHP]\\cursoads\\www\\AnewProject\\vendor\\symfony\\console\\Command\\Command.php(262): Illuminate\\Console\\Command->execute(Object(Symfony\\Component\\Console\\Input\\ArgvInput), Object(Illuminate\\Console\\OutputStyle))
#24 H:\\Rodrigo\\[Projetos]\\[PHP]\\cursoads\\www\\AnewProject\\vendor\\laravel\\framework\\src\\Illuminate\\Console\\Command.php(167): Symfony\\Component\\Console\\Command\\Command->run(Object(Symfony\\Component\\Console\\Input\\ArgvInput), Object(Illuminate\\Console\\OutputStyle))
#25 H:\\Rodrigo\\[Projetos]\\[PHP]\\cursoads\\www\\AnewProject\\vendor\\symfony\\console\\Application.php(888): Illuminate\\Console\\Command->run(Object(Symfony\\Component\\Console\\Input\\ArgvInput), Object(Symfony\\Component\\Console\\Output\\ConsoleOutput))
#26 H:\\Rodrigo\\[Projetos]\\[PHP]\\cursoads\\www\\AnewProject\\vendor\\symfony\\console\\Application.php(224): Symfony\\Component\\Console\\Application->doRunCommand(Object(Illuminate\\Database\\Console\\Migrations\\MigrateCommand), Object(Symfony\\Component\\Console\\Input\\ArgvInput), Object(Symfony\\Component\\Console\\Output\\ConsoleOutput))
#27 H:\\Rodrigo\\[Projetos]\\[PHP]\\cursoads\\www\\AnewProject\\vendor\\symfony\\console\\Application.php(125): Symfony\\Component\\Console\\Application->doRun(Object(Symfony\\Component\\Console\\Input\\ArgvInput), Object(Symfony\\Component\\Console\\Output\\ConsoleOutput))
#28 H:\\Rodrigo\\[Projetos]\\[PHP]\\cursoads\\www\\AnewProject\\vendor\\laravel\\framework\\src\\Illuminate\\Console\\Application.php(88): Symfony\\Component\\Console\\Application->run(Object(Symfony\\Component\\Console\\Input\\ArgvInput), Object(Symfony\\Component\\Console\\Output\\ConsoleOutput))
#29 H:\\Rodrigo\\[Projetos]\\[PHP]\\cursoads\\www\\AnewProject\\vendor\\laravel\\framework\\src\\Illuminate\\Foundation\\Console\\Kernel.php(121): Illuminate\\Console\\Application->run(Object(Symfony\\Component\\Console\\Input\\ArgvInput), Object(Symfony\\Component\\Console\\Output\\ConsoleOutput))
#30 H:\\Rodrigo\\[Projetos]\\[PHP]\\cursoads\\www\\AnewProject\\artisan(37): Illuminate\\Foundation\\Console\\Kernel->handle(Object(Symfony\\Component\\Console\\Input\\ArgvInput), Object(Symfony\\Component\\Console\\Output\\ConsoleOutput))
#31 {main}
"} 
[2017-10-31 03:03:35] local.ERROR: could not find driver (SQL: select * from information_schema.tables where table_schema = public and table_name = migrations) {"exception":"[object] (Illuminate\\Database\\QueryException(code: 0): could not find driver (SQL: select * from information_schema.tables where table_schema = public and table_name = migrations) at H:\\Rodrigo\\[Projetos]\\[PHP]\\cursoads\\www\\AnewProject\\vendor\\laravel\\framework\\src\\Illuminate\\Database\\Connection.php:664, PDOException(code: 0): could not find driver at H:\\Rodrigo\\[Projetos]\\[PHP]\\cursoads\\www\\AnewProject\\vendor\\laravel\\framework\\src\\Illuminate\\Database\\Connectors\\Connector.php:67)
[stacktrace]
#0 H:\\Rodrigo\\[Projetos]\\[PHP]\\cursoads\\www\\AnewProject\\vendor\\laravel\\framework\\src\\Illuminate\\Database\\Connection.php(624): Illuminate\\Database\\Connection->runQueryCallback('select * from i...', Array, Object(Closure))
#1 H:\\Rodrigo\\[Projetos]\\[PHP]\\cursoads\\www\\AnewProject\\vendor\\laravel\\framework\\src\\Illuminate\\Database\\Connection.php(333): Illuminate\\Database\\Connection->run('select * from i...', Array, Object(Closure))
#2 H:\\Rodrigo\\[Projetos]\\[PHP]\\cursoads\\www\\AnewProject\\vendor\\laravel\\framework\\src\\Illuminate\\Database\\Schema\\PostgresBuilder.php(24): Illuminate\\Database\\Connection->select('select * from i...', Array)
#3 H:\\Rodrigo\\[Projetos]\\[PHP]\\cursoads\\www\\AnewProject\\vendor\\laravel\\framework\\src\\Illuminate\\Database\\Migrations\\DatabaseMigrationRepository.php(156): Illuminate\\Database\\Schema\\PostgresBuilder->hasTable('migrations')
#4 H:\\Rodrigo\\[Projetos]\\[PHP]\\cursoads\\www\\AnewProject\\vendor\\laravel\\framework\\src\\Illuminate\\Database\\Migrations\\Migrator.php(544): Illuminate\\Database\\Migrations\\DatabaseMigrationRepository->repositoryExists()
#5 H:\\Rodrigo\\[Projetos]\\[PHP]\\cursoads\\www\\AnewProject\\vendor\\laravel\\framework\\src\\Illuminate\\Database\\Console\\Migrations\\MigrateCommand.php(96): Illuminate\\Database\\Migrations\\Migrator->repositoryExists()
#6 H:\\Rodrigo\\[Projetos]\\[PHP]\\cursoads\\www\\AnewProject\\vendor\\laravel\\framework\\src\\Illuminate\\Database\\Console\\Migrations\\MigrateCommand.php(62): Illuminate\\Database\\Console\\Migrations\\MigrateCommand->prepareDatabase()
#7 [internal function]: Illuminate\\Database\\Console\\Migrations\\MigrateCommand->handle()
#8 H:\\Rodrigo\\[Projetos]\\[PHP]\\cursoads\\www\\AnewProject\\vendor\\laravel\\framework\\src\\Illuminate\\Container\\BoundMethod.php(29): call_user_func_array(Array, Array)
#9 H:\\Rodrigo\\[Projetos]\\[PHP]\\cursoads\\www\\AnewProject\\vendor\\laravel\\framework\\src\\Illuminate\\Container\\BoundMethod.php(87): Illuminate\\Container\\BoundMethod::Illuminate\\Container\\{closure}()
#10 H:\\Rodrigo\\[Projetos]\\[PHP]\\cursoads\\www\\AnewProject\\vendor\\laravel\\framework\\src\\Illuminate\\Container\\BoundMethod.php(31): Illuminate\\Container\\BoundMethod::callBoundMethod(Object(Illuminate\\Foundation\\Application), Array, Object(Closure))
#11 H:\\Rodrigo\\[Projetos]\\[PHP]\\cursoads\\www\\AnewProject\\vendor\\laravel\\framework\\src\\Illuminate\\Container\\Container.php(549): Illuminate\\Container\\BoundMethod::call(Object(Illuminate\\Foundation\\Application), Array, Array, NULL)
#12 H:\\Rodrigo\\[Projetos]\\[PHP]\\cursoads\\www\\AnewProject\\vendor\\laravel\\framework\\src\\Illuminate\\Console\\Command.php(180): Illuminate\\Container\\Container->call(Array)
#13 H:\\Rodrigo\\[Projetos]\\[PHP]\\cursoads\\www\\AnewProject\\vendor\\symfony\\console\\Command\\Command.php(262): Illuminate\\Console\\Command->execute(Object(Symfony\\Component\\Console\\Input\\ArgvInput), Object(Illuminate\\Console\\OutputStyle))
#14 H:\\Rodrigo\\[Projetos]\\[PHP]\\cursoads\\www\\AnewProject\\vendor\\laravel\\framework\\src\\Illuminate\\Console\\Command.php(167): Symfony\\Component\\Console\\Command\\Command->run(Object(Symfony\\Component\\Console\\Input\\ArgvInput), Object(Illuminate\\Console\\OutputStyle))
#15 H:\\Rodrigo\\[Projetos]\\[PHP]\\cursoads\\www\\AnewProject\\vendor\\symfony\\console\\Application.php(888): Illuminate\\Console\\Command->run(Object(Symfony\\Component\\Console\\Input\\ArgvInput), Object(Symfony\\Component\\Console\\Output\\ConsoleOutput))
#16 H:\\Rodrigo\\[Projetos]\\[PHP]\\cursoads\\www\\AnewProject\\vendor\\symfony\\console\\Application.php(224): Symfony\\Component\\Console\\Application->doRunCommand(Object(Illuminate\\Database\\Console\\Migrations\\MigrateCommand), Object(Symfony\\Component\\Console\\Input\\ArgvInput), Object(Symfony\\Component\\Console\\Output\\ConsoleOutput))
#17 H:\\Rodrigo\\[Projetos]\\[PHP]\\cursoads\\www\\AnewProject\\vendor\\symfony\\console\\Application.php(125): Symfony\\Component\\Console\\Application->doRun(Object(Symfony\\Component\\Console\\Input\\ArgvInput), Object(Symfony\\Component\\Console\\Output\\ConsoleOutput))
#18 H:\\Rodrigo\\[Projetos]\\[PHP]\\cursoads\\www\\AnewProject\\vendor\\laravel\\framework\\src\\Illuminate\\Console\\Application.php(88): Symfony\\Component\\Console\\Application->run(Object(Symfony\\Component\\Console\\Input\\ArgvInput), Object(Symfony\\Component\\Console\\Output\\ConsoleOutput))
#19 H:\\Rodrigo\\[Projetos]\\[PHP]\\cursoads\\www\\AnewProject\\vendor\\laravel\\framework\\src\\Illuminate\\Foundation\\Console\\Kernel.php(121): Illuminate\\Console\\Application->run(Object(Symfony\\Component\\Console\\Input\\ArgvInput), Object(Symfony\\Component\\Console\\Output\\ConsoleOutput))
#20 H:\\Rodrigo\\[Projetos]\\[PHP]\\cursoads\\www\\AnewProject\\artisan(37): Illuminate\\Foundation\\Console\\Kernel->handle(Object(Symfony\\Component\\Console\\Input\\ArgvInput), Object(Symfony\\Component\\Console\\Output\\ConsoleOutput))
#21 {main}
"} 
[2017-10-31 03:11:59] local.ERROR: could not find driver {"exception":"[object] (PDOException(code: 0): could not find driver at H:\\Rodrigo\\[Projetos]\\[PHP]\\cursoads\\www\\AnewProject\\vendor\\laravel\\framework\\src\\Illuminate\\Database\\Connectors\\Connector.php:67)
[stacktrace]
#0 H:\\Rodrigo\\[Projetos]\\[PHP]\\cursoads\\www\\AnewProject\\vendor\\laravel\\framework\\src\\Illuminate\\Database\\Connectors\\Connector.php(67): PDO->__construct('pgsql:host=127....', 'postgres', 'darkhorse', Array)
#1 H:\\Rodrigo\\[Projetos]\\[PHP]\\cursoads\\www\\AnewProject\\vendor\\laravel\\framework\\src\\Illuminate\\Database\\Connectors\\Connector.php(43): Illuminate\\Database\\Connectors\\Connector->createPdoConnection('pgsql:host=127....', 'postgres', 'darkhorse', Array)
#2 H:\\Rodrigo\\[Projetos]\\[PHP]\\cursoads\\www\\AnewProject\\vendor\\laravel\\framework\\src\\Illuminate\\Database\\Connectors\\PostgresConnector.php(33): Illuminate\\Database\\Connectors\\Connector->createConnection('pgsql:host=127....', Array, Array)
#3 H:\\Rodrigo\\[Projetos]\\[PHP]\\cursoads\\www\\AnewProject\\vendor\\laravel\\framework\\src\\Illuminate\\Database\\Connectors\\ConnectionFactory.php(183): Illuminate\\Database\\Connectors\\PostgresConnector->connect(Array)
#4 [internal function]: Illuminate\\Database\\Connectors\\ConnectionFactory->Illuminate\\Database\\Connectors\\{closure}()
#5 H:\\Rodrigo\\[Projetos]\\[PHP]\\cursoads\\www\\AnewProject\\vendor\\laravel\\framework\\src\\Illuminate\\Database\\Connection.php(915): call_user_func(Object(Closure))
#6 H:\\Rodrigo\\[Projetos]\\[PHP]\\cursoads\\www\\AnewProject\\vendor\\laravel\\framework\\src\\Illuminate\\Database\\Connection.php(940): Illuminate\\Database\\Connection->getPdo()
#7 H:\\Rodrigo\\[Projetos]\\[PHP]\\cursoads\\www\\AnewProject\\vendor\\laravel\\framework\\src\\Illuminate\\Database\\Connection.php(399): Illuminate\\Database\\Connection->getReadPdo()
#8 H:\\Rodrigo\\[Projetos]\\[PHP]\\cursoads\\www\\AnewProject\\vendor\\laravel\\framework\\src\\Illuminate\\Database\\Connection.php(325): Illuminate\\Database\\Connection->getPdoForSelect(true)
#9 H:\\Rodrigo\\[Projetos]\\[PHP]\\cursoads\\www\\AnewProject\\vendor\\laravel\\framework\\src\\Illuminate\\Database\\Connection.php(657): Illuminate\\Database\\Connection->Illuminate\\Database\\{closure}('select * from i...', Array)
#10 H:\\Rodrigo\\[Projetos]\\[PHP]\\cursoads\\www\\AnewProject\\vendor\\laravel\\framework\\src\\Illuminate\\Database\\Connection.php(624): Illuminate\\Database\\Connection->runQueryCallback('select * from i...', Array, Object(Closure))
#11 H:\\Rodrigo\\[Projetos]\\[PHP]\\cursoads\\www\\AnewProject\\vendor\\laravel\\framework\\src\\Illuminate\\Database\\Connection.php(333): Illuminate\\Database\\Connection->run('select * from i...', Array, Object(Closure))
#12 H:\\Rodrigo\\[Projetos]\\[PHP]\\cursoads\\www\\AnewProject\\vendor\\laravel\\framework\\src\\Illuminate\\Database\\Schema\\PostgresBuilder.php(24): Illuminate\\Database\\Connection->select('select * from i...', Array)
#13 H:\\Rodrigo\\[Projetos]\\[PHP]\\cursoads\\www\\AnewProject\\vendor\\laravel\\framework\\src\\Illuminate\\Database\\Migrations\\DatabaseMigrationRepository.php(156): Illuminate\\Database\\Schema\\PostgresBuilder->hasTable('migrations')
#14 H:\\Rodrigo\\[Projetos]\\[PHP]\\cursoads\\www\\AnewProject\\vendor\\laravel\\framework\\src\\Illuminate\\Database\\Migrations\\Migrator.php(544): Illuminate\\Database\\Migrations\\DatabaseMigrationRepository->repositoryExists()
#15 H:\\Rodrigo\\[Projetos]\\[PHP]\\cursoads\\www\\AnewProject\\vendor\\laravel\\framework\\src\\Illuminate\\Database\\Console\\Migrations\\MigrateCommand.php(96): Illuminate\\Database\\Migrations\\Migrator->repositoryExists()
#16 H:\\Rodrigo\\[Projetos]\\[PHP]\\cursoads\\www\\AnewProject\\vendor\\laravel\\framework\\src\\Illuminate\\Database\\Console\\Migrations\\MigrateCommand.php(62): Illuminate\\Database\\Console\\Migrations\\MigrateCommand->prepareDatabase()
#17 [internal function]: Illuminate\\Database\\Console\\Migrations\\MigrateCommand->handle()
#18 H:\\Rodrigo\\[Projetos]\\[PHP]\\cursoads\\www\\AnewProject\\vendor\\laravel\\framework\\src\\Illuminate\\Container\\BoundMethod.php(29): call_user_func_array(Array, Array)
#19 H:\\Rodrigo\\[Projetos]\\[PHP]\\cursoads\\www\\AnewProject\\vendor\\laravel\\framework\\src\\Illuminate\\Container\\BoundMethod.php(87): Illuminate\\Container\\BoundMethod::Illuminate\\Container\\{closure}()
#20 H:\\Rodrigo\\[Projetos]\\[PHP]\\cursoads\\www\\AnewProject\\vendor\\laravel\\framework\\src\\Illuminate\\Container\\BoundMethod.php(31): Illuminate\\Container\\BoundMethod::callBoundMethod(Object(Illuminate\\Foundation\\Application), Array, Object(Closure))
#21 H:\\Rodrigo\\[Projetos]\\[PHP]\\cursoads\\www\\AnewProject\\vendor\\laravel\\framework\\src\\Illuminate\\Container\\Container.php(549): Illuminate\\Container\\BoundMethod::call(Object(Illuminate\\Foundation\\Application), Array, Array, NULL)
#22 H:\\Rodrigo\\[Projetos]\\[PHP]\\cursoads\\www\\AnewProject\\vendor\\laravel\\framework\\src\\Illuminate\\Console\\Command.php(180): Illuminate\\Container\\Container->call(Array)
#23 H:\\Rodrigo\\[Projetos]\\[PHP]\\cursoads\\www\\AnewProject\\vendor\\symfony\\console\\Command\\Command.php(262): Illuminate\\Console\\Command->execute(Object(Symfony\\Component\\Console\\Input\\ArgvInput), Object(Illuminate\\Console\\OutputStyle))
#24 H:\\Rodrigo\\[Projetos]\\[PHP]\\cursoads\\www\\AnewProject\\vendor\\laravel\\framework\\src\\Illuminate\\Console\\Command.php(167): Symfony\\Component\\Console\\Command\\Command->run(Object(Symfony\\Component\\Console\\Input\\ArgvInput), Object(Illuminate\\Console\\OutputStyle))
#25 H:\\Rodrigo\\[Projetos]\\[PHP]\\cursoads\\www\\AnewProject\\vendor\\symfony\\console\\Application.php(888): Illuminate\\Console\\Command->run(Object(Symfony\\Component\\Console\\Input\\ArgvInput), Object(Symfony\\Component\\Console\\Output\\ConsoleOutput))
#26 H:\\Rodrigo\\[Projetos]\\[PHP]\\cursoads\\www\\AnewProject\\vendor\\symfony\\console\\Application.php(224): Symfony\\Component\\Console\\Application->doRunCommand(Object(Illuminate\\Database\\Console\\Migrations\\MigrateCommand), Object(Symfony\\Component\\Console\\Input\\ArgvInput), Object(Symfony\\Component\\Console\\Output\\ConsoleOutput))
#27 H:\\Rodrigo\\[Projetos]\\[PHP]\\cursoads\\www\\AnewProject\\vendor\\symfony\\console\\Application.php(125): Symfony\\Component\\Console\\Application->doRun(Object(Symfony\\Component\\Console\\Input\\ArgvInput), Object(Symfony\\Component\\Console\\Output\\ConsoleOutput))
#28 H:\\Rodrigo\\[Projetos]\\[PHP]\\cursoads\\www\\AnewProject\\vendor\\laravel\\framework\\src\\Illuminate\\Console\\Application.php(88): Symfony\\Component\\Console\\Application->run(Object(Symfony\\Component\\Console\\Input\\ArgvInput), Object(Symfony\\Component\\Console\\Output\\ConsoleOutput))
#29 H:\\Rodrigo\\[Projetos]\\[PHP]\\cursoads\\www\\AnewProject\\vendor\\laravel\\framework\\src\\Illuminate\\Foundation\\Console\\Kernel.php(121): Illuminate\\Console\\Application->run(Object(Symfony\\Component\\Console\\Input\\ArgvInput), Object(Symfony\\Component\\Console\\Output\\ConsoleOutput))
#30 H:\\Rodrigo\\[Projetos]\\[PHP]\\cursoads\\www\\AnewProject\\artisan(37): Illuminate\\Foundation\\Console\\Kernel->handle(Object(Symfony\\Component\\Console\\Input\\ArgvInput), Object(Symfony\\Component\\Console\\Output\\ConsoleOutput))
#31 {main}
"} 
[2017-10-31 03:11:59] local.ERROR: could not find driver (SQL: select * from information_schema.tables where table_schema = public and table_name = migrations) {"exception":"[object] (Illuminate\\Database\\QueryException(code: 0): could not find driver (SQL: select * from information_schema.tables where table_schema = public and table_name = migrations) at H:\\Rodrigo\\[Projetos]\\[PHP]\\cursoads\\www\\AnewProject\\vendor\\laravel\\framework\\src\\Illuminate\\Database\\Connection.php:664, PDOException(code: 0): could not find driver at H:\\Rodrigo\\[Projetos]\\[PHP]\\cursoads\\www\\AnewProject\\vendor\\laravel\\framework\\src\\Illuminate\\Database\\Connectors\\Connector.php:67)
[stacktrace]
#0 H:\\Rodrigo\\[Projetos]\\[PHP]\\cursoads\\www\\AnewProject\\vendor\\laravel\\framework\\src\\Illuminate\\Database\\Connection.php(624): Illuminate\\Database\\Connection->runQueryCallback('select * from i...', Array, Object(Closure))
#1 H:\\Rodrigo\\[Projetos]\\[PHP]\\cursoads\\www\\AnewProject\\vendor\\laravel\\framework\\src\\Illuminate\\Database\\Connection.php(333): Illuminate\\Database\\Connection->run('select * from i...', Array, Object(Closure))
#2 H:\\Rodrigo\\[Projetos]\\[PHP]\\cursoads\\www\\AnewProject\\vendor\\laravel\\framework\\src\\Illuminate\\Database\\Schema\\PostgresBuilder.php(24): Illuminate\\Database\\Connection->select('select * from i...', Array)
#3 H:\\Rodrigo\\[Projetos]\\[PHP]\\cursoads\\www\\AnewProject\\vendor\\laravel\\framework\\src\\Illuminate\\Database\\Migrations\\DatabaseMigrationRepository.php(156): Illuminate\\Database\\Schema\\PostgresBuilder->hasTable('migrations')
#4 H:\\Rodrigo\\[Projetos]\\[PHP]\\cursoads\\www\\AnewProject\\vendor\\laravel\\framework\\src\\Illuminate\\Database\\Migrations\\Migrator.php(544): Illuminate\\Database\\Migrations\\DatabaseMigrationRepository->repositoryExists()
#5 H:\\Rodrigo\\[Projetos]\\[PHP]\\cursoads\\www\\AnewProject\\vendor\\laravel\\framework\\src\\Illuminate\\Database\\Console\\Migrations\\MigrateCommand.php(96): Illuminate\\Database\\Migrations\\Migrator->repositoryExists()
#6 H:\\Rodrigo\\[Projetos]\\[PHP]\\cursoads\\www\\AnewProject\\vendor\\laravel\\framework\\src\\Illuminate\\Database\\Console\\Migrations\\MigrateCommand.php(62): Illuminate\\Database\\Console\\Migrations\\MigrateCommand->prepareDatabase()
#7 [internal function]: Illuminate\\Database\\Console\\Migrations\\MigrateCommand->handle()
#8 H:\\Rodrigo\\[Projetos]\\[PHP]\\cursoads\\www\\AnewProject\\vendor\\laravel\\framework\\src\\Illuminate\\Container\\BoundMethod.php(29): call_user_func_array(Array, Array)
#9 H:\\Rodrigo\\[Projetos]\\[PHP]\\cursoads\\www\\AnewProject\\vendor\\laravel\\framework\\src\\Illuminate\\Container\\BoundMethod.php(87): Illuminate\\Container\\BoundMethod::Illuminate\\Container\\{closure}()
#10 H:\\Rodrigo\\[Projetos]\\[PHP]\\cursoads\\www\\AnewProject\\vendor\\laravel\\framework\\src\\Illuminate\\Container\\BoundMethod.php(31): Illuminate\\Container\\BoundMethod::callBoundMethod(Object(Illuminate\\Foundation\\Application), Array, Object(Closure))
#11 H:\\Rodrigo\\[Projetos]\\[PHP]\\cursoads\\www\\AnewProject\\vendor\\laravel\\framework\\src\\Illuminate\\Container\\Container.php(549): Illuminate\\Container\\BoundMethod::call(Object(Illuminate\\Foundation\\Application), Array, Array, NULL)
#12 H:\\Rodrigo\\[Projetos]\\[PHP]\\cursoads\\www\\AnewProject\\vendor\\laravel\\framework\\src\\Illuminate\\Console\\Command.php(180): Illuminate\\Container\\Container->call(Array)
#13 H:\\Rodrigo\\[Projetos]\\[PHP]\\cursoads\\www\\AnewProject\\vendor\\symfony\\console\\Command\\Command.php(262): Illuminate\\Console\\Command->execute(Object(Symfony\\Component\\Console\\Input\\ArgvInput), Object(Illuminate\\Console\\OutputStyle))
#14 H:\\Rodrigo\\[Projetos]\\[PHP]\\cursoads\\www\\AnewProject\\vendor\\laravel\\framework\\src\\Illuminate\\Console\\Command.php(167): Symfony\\Component\\Console\\Command\\Command->run(Object(Symfony\\Component\\Console\\Input\\ArgvInput), Object(Illuminate\\Console\\OutputStyle))
#15 H:\\Rodrigo\\[Projetos]\\[PHP]\\cursoads\\www\\AnewProject\\vendor\\symfony\\console\\Application.php(888): Illuminate\\Console\\Command->run(Object(Symfony\\Component\\Console\\Input\\ArgvInput), Object(Symfony\\Component\\Console\\Output\\ConsoleOutput))
#16 H:\\Rodrigo\\[Projetos]\\[PHP]\\cursoads\\www\\AnewProject\\vendor\\symfony\\console\\Application.php(224): Symfony\\Component\\Console\\Application->doRunCommand(Object(Illuminate\\Database\\Console\\Migrations\\MigrateCommand), Object(Symfony\\Component\\Console\\Input\\ArgvInput), Object(Symfony\\Component\\Console\\Output\\ConsoleOutput))
#17 H:\\Rodrigo\\[Projetos]\\[PHP]\\cursoads\\www\\AnewProject\\vendor\\symfony\\console\\Application.php(125): Symfony\\Component\\Console\\Application->doRun(Object(Symfony\\Component\\Console\\Input\\ArgvInput), Object(Symfony\\Component\\Console\\Output\\ConsoleOutput))
#18 H:\\Rodrigo\\[Projetos]\\[PHP]\\cursoads\\www\\AnewProject\\vendor\\laravel\\framework\\src\\Illuminate\\Console\\Application.php(88): Symfony\\Component\\Console\\Application->run(Object(Symfony\\Component\\Console\\Input\\ArgvInput), Object(Symfony\\Component\\Console\\Output\\ConsoleOutput))
#19 H:\\Rodrigo\\[Projetos]\\[PHP]\\cursoads\\www\\AnewProject\\vendor\\laravel\\framework\\src\\Illuminate\\Foundation\\Console\\Kernel.php(121): Illuminate\\Console\\Application->run(Object(Symfony\\Component\\Console\\Input\\ArgvInput), Object(Symfony\\Component\\Console\\Output\\ConsoleOutput))
#20 H:\\Rodrigo\\[Projetos]\\[PHP]\\cursoads\\www\\AnewProject\\artisan(37): Illuminate\\Foundation\\Console\\Kernel->handle(Object(Symfony\\Component\\Console\\Input\\ArgvInput), Object(Symfony\\Component\\Console\\Output\\ConsoleOutput))
#21 {main}
"} 
